# JRE version: OpenJDK Runtime Environment Microsoft-8035246 (17.0.8+7) (build 17.0.8+7-LTS)
# Java VM: OpenJDK 64-Bit Server VM Microsoft-8035246 (17.0.8+7-LTS, mixed mode, sharing, tiered, compressed oops, compressed class ptrs, g1 gc, windows-amd64)
GC Precious Log:
 CPUs: 20 total, 20 available
 Memory: 32681M
 Large Page Support: Disabled
 NUMA Support: Disabled
 Compressed Oops: Enabled (32-bit)
 Heap Region Size: 1M
 Heap Min Capacity: 8M
 Heap Initial Capacity: 512M
 Heap Max Capacity: 2G
 Pre-touch: Disabled
 Parallel Workers: 15
 Concurrent Workers: 4
 Concurrent Refinement Workers: 15
 Periodic GC: Disabled
Heap:
 garbage-first heap   total 311296K, used 178196K [0x0000000080000000, 0x0000000100000000)
  region size 1024K, 71 young (72704K), 2 survivors (2048K)
 Metaspace       used 95517K, committed 96384K, reserved 557056K
  class space    used 13407K, committed 13824K, reserved 425984K
GC Heap History (20 events):
Event: 5.103 GC heap before
{Heap before GC invocations=13 (full 0):
 garbage-first heap   total 83968K, used 54248K [0x0000000080000000, 0x0000000100000000)
  region size 1024K, 20 young (20480K), 4 survivors (4096K)
 Metaspace       used 48226K, committed 48832K, reserved 491520K
  class space    used 6800K, committed 7104K, reserved 425984K
}
Event: 5.105 GC heap after
{Heap after GC invocations=14 (full 0):
 garbage-first heap   total 83968K, used 42282K [0x0000000080000000, 0x0000000100000000)
  region size 1024K, 4 young (4096K), 4 survivors (4096K)
 Metaspace       used 48226K, committed 48832K, reserved 491520K
  class space    used 6800K, committed 7104K, reserved 425984K
}
Event: 5.273 GC heap before
{Heap before GC invocations=15 (full 0):
 garbage-first heap   total 83968K, used 67882K [0x0000000080000000, 0x0000000100000000)
  region size 1024K, 27 young (27648K), 4 survivors (4096K)
 Metaspace       used 50651K, committed 51264K, reserved 491520K
  class space    used 7152K, committed 7424K, reserved 425984K
}
Event: 5.275 GC heap after
{Heap after GC invocations=16 (full 0):
 garbage-first heap   total 83968K, used 48224K [0x0000000080000000, 0x0000000100000000)
  region size 1024K, 2 young (2048K), 2 survivors (2048K)
 Metaspace       used 50651K, committed 51264K, reserved 491520K
  class space    used 7152K, committed 7424K, reserved 425984K
}
Event: 5.402 GC heap before
{Heap before GC invocations=17 (full 0):
 garbage-first heap   total 97280K, used 75872K [0x0000000080000000, 0x0000000100000000)
  region size 1024K, 21 young (21504K), 2 survivors (2048K)
 Metaspace       used 52121K, committed 52736K, reserved 491520K
  class space    used 7367K, committed 7680K, reserved 425984K
}
Event: 5.404 GC heap after
{Heap after GC invocations=18 (full 0):
 garbage-first heap   total 311296K, used 58070K [0x0000000080000000, 0x0000000100000000)
  region size 1024K, 2 young (2048K), 2 survivors (2048K)
 Metaspace       used 52121K, committed 52736K, reserved 491520K
  class space    used 7367K, committed 7680K, reserved 425984K
}
Event: 6.079 GC heap before
{Heap before GC invocations=18 (full 0):
 garbage-first heap   total 311296K, used 170710K [0x0000000080000000, 0x0000000100000000)
  region size 1024K, 112 young (114688K), 2 survivors (2048K)
 Metaspace       used 61587K, committed 62272K, reserved 491520K
  class space    used 8706K, committed 9024K, reserved 425984K
}
Event: 6.082 GC heap after
{Heap after GC invocations=19 (full 0):
 garbage-first heap   total 311296K, used 63044K [0x0000000080000000, 0x0000000100000000)
  region size 1024K, 7 young (7168K), 7 survivors (7168K)
 Metaspace       used 61587K, committed 62272K, reserved 491520K
  class space    used 8706K, committed 9024K, reserved 425984K
}
Event: 6.930 GC heap before
{Heap before GC invocations=19 (full 0):
 garbage-first heap   total 311296K, used 182852K [0x0000000080000000, 0x0000000100000000)
  region size 1024K, 125 young (128000K), 7 survivors (7168K)
 Metaspace       used 67887K, committed 68544K, reserved 491520K
  class space    used 9691K, committed 9984K, reserved 425984K
}
Event: 6.935 GC heap after
{Heap after GC invocations=20 (full 0):
 garbage-first heap   total 311296K, used 71428K [0x0000000080000000, 0x0000000100000000)
  region size 1024K, 15 young (15360K), 15 survivors (15360K)
 Metaspace       used 67887K, committed 68544K, reserved 491520K
  class space    used 9691K, committed 9984K, reserved 425984K
}
Event: 7.482 GC heap before
{Heap before GC invocations=20 (full 0):
 garbage-first heap   total 311296K, used 209668K [0x0000000080000000, 0x0000000100000000)
  region size 1024K, 139 young (142336K), 15 survivors (15360K)
 Metaspace       used 75966K, committed 76736K, reserved 557056K
  class space    used 10604K, committed 10944K, reserved 425984K
}
Event: 7.487 GC heap after
{Heap after GC invocations=21 (full 0):
 garbage-first heap   total 311296K, used 88407K [0x0000000080000000, 0x0000000100000000)
  region size 1024K, 18 young (18432K), 18 survivors (18432K)
 Metaspace       used 75966K, committed 76736K, reserved 557056K
  class space    used 10604K, committed 10944K, reserved 425984K
}
Event: 8.088 GC heap before
{Heap before GC invocations=21 (full 0):
 garbage-first heap   total 311296K, used 210263K [0x0000000080000000, 0x0000000100000000)
  region size 1024K, 137 young (140288K), 18 survivors (18432K)
 Metaspace       used 83640K, committed 84416K, reserved 557056K
  class space    used 11659K, committed 12032K, reserved 425984K
}
Event: 8.094 GC heap after
{Heap after GC invocations=22 (full 0):
 garbage-first heap   total 311296K, used 96854K [0x0000000080000000, 0x0000000100000000)
  region size 1024K, 8 young (8192K), 8 survivors (8192K)
 Metaspace       used 83640K, committed 84416K, reserved 557056K
  class space    used 11659K, committed 12032K, reserved 425984K
}
Event: 10.029 GC heap before
{Heap before GC invocations=22 (full 0):
 garbage-first heap   total 311296K, used 137814K [0x0000000080000000, 0x0000000100000000)
  region size 1024K, 49 young (50176K), 8 survivors (8192K)
 Metaspace       used 84616K, committed 85440K, reserved 557056K
  class space    used 11779K, committed 12160K, reserved 425984K
}
Event: 10.033 GC heap after
{Heap after GC invocations=23 (full 0):
 garbage-first heap   total 311296K, used 99692K [0x0000000080000000, 0x0000000100000000)
  region size 1024K, 11 young (11264K), 11 survivors (11264K)
 Metaspace       used 84616K, committed 85440K, reserved 557056K
  class space    used 11779K, committed 12160K, reserved 425984K
}
Event: 10.701 GC heap before
{Heap before GC invocations=24 (full 0):
 garbage-first heap   total 311296K, used 229740K [0x0000000080000000, 0x0000000100000000)
  region size 1024K, 137 young (140288K), 11 survivors (11264K)
 Metaspace       used 92724K, committed 93632K, reserved 557056K
  class space    used 13069K, committed 13504K, reserved 425984K
}
Event: 10.705 GC heap after
{Heap after GC invocations=25 (full 0):
 garbage-first heap   total 311296K, used 105301K [0x0000000080000000, 0x0000000100000000)
  region size 1024K, 10 young (10240K), 10 survivors (10240K)
 Metaspace       used 92724K, committed 93632K, reserved 557056K
  class space    used 13069K, committed 13504K, reserved 425984K
}
Event: 10.712 GC heap before
{Heap before GC invocations=25 (full 0):
 garbage-first heap   total 311296K, used 109397K [0x0000000080000000, 0x0000000100000000)
  region size 1024K, 15 young (15360K), 10 survivors (10240K)
 Metaspace       used 92764K, committed 93632K, reserved 557056K
  class space    used 13069K, committed 13504K, reserved 425984K
}
Event: 10.716 GC heap after
{Heap after GC invocations=26 (full 0):
 garbage-first heap   total 311296K, used 106516K [0x0000000080000000, 0x0000000100000000)
  region size 1024K, 2 young (2048K), 2 survivors (2048K)
 Metaspace       used 92764K, committed 93632K, reserved 557056K
  class space    used 13069K, committed 13504K, reserved 425984K
}

